<?xml version="1.0" encoding="UTF-8"?>
<!-- Generated by org.testng.reporters.JUnitReportReporter -->
<testsuite hostname="Sayan" failures="0" tests="1" name="com.test.PostRequest" time="0.730" errors="0" timestamp="2023-06-10T12:54:07 IST" skipped="0">
  <testcase classname="com.test.PostRequest" name="post" time="0.730"/>
  <system-out/>
</testsuite> <!-- com.test.PostRequest -->
