<?xml version="1.0" encoding="UTF-8"?>
<!-- Generated by org.testng.reporters.JUnitReportReporter -->
<testsuite hostname="Sayan" failures="0" tests="1" name="com.test.Deserialization" time="0.036" errors="0" timestamp="2023-06-10T12:54:07 IST" skipped="0">
  <testcase classname="com.test.Deserialization" name="JsonToPojo" time="0.036"/>
  <system-out/>
</testsuite> <!-- com.test.Deserialization -->
