<?xml version="1.0" encoding="UTF-8"?>
<!-- Generated by org.testng.reporters.JUnitReportReporter -->
<testsuite hostname="Sayan" failures="0" tests="1" name="com.test.Serialization" time="0.228" errors="0" timestamp="2023-06-10T12:54:07 IST" skipped="0">
  <testcase classname="com.test.Serialization" name="pojoToJson" time="0.228"/>
  <system-out/>
</testsuite> <!-- com.test.Serialization -->
